<?xml version="1.0" encoding="utf-8"?>
<coverage line-rate="0.436" branch-rate="0.3911" version="1.9" timestamp="1654672541" lines-covered="1405" lines-valid="3222" branches-covered="449" branches-valid="1148">
  <sources>
    <source>C:\Users\Ejer\Desktop\KU\gitFolders\DIKUGames\</source>
  </sources>
  <packages>
    <package name="Breakout" line-rate="0.7961" branch-rate="0.7709" complexity="553">
      <classes>
        <class name="States.MainMenu.MainMenu" filename="Breakout\States\MainMenu.cs" line-rate="0.836" branch-rate="0.9166" complexity="26">
          <methods>
            <method name="getOrSetInstance" signature="(Statemachine.stateMachine)" line-rate="1" branch-rate="1" complexity="2">
              <lines>
                <line number="34" hits="120" branch="False" />
                <line number="35" hits="121" branch="True" condition-coverage="100% (2/2)">
                  <conditions>
                    <condition number="11" type="jump" coverage="100%" />
                  </conditions>
                </line>
                <line number="36" hits="1" branch="False" />
                <line number="37" hits="1" branch="False" />
                <line number="38" hits="120" branch="False" />
                <line number="39" hits="120" branch="False" />
              </lines>
            </method>
            <method name="InitializeGameState" signature="()" line-rate="1" branch-rate="1" complexity="2">
              <lines>
                <line number="47" hits="54" branch="False" />
                <line number="48" hits="54" branch="False" />
                <line number="49" hits="54" branch="False" />
                <line number="50" hits="54" branch="False" />
                <line number="51" hits="486" branch="True" condition-coverage="100% (2/2)">
                  <conditions>
                    <condition number="203" type="jump" coverage="100%" />
                  </conditions>
                </line>
                <line number="52" hits="108" branch="False" />
                <line number="53" hits="108" branch="False" />
                <line number="54" hits="54" branch="False" />
                <line number="55" hits="54" branch="False" />
              </lines>
            </method>
            <method name="UpdateState" signature="()" line-rate="0" branch-rate="1" complexity="1">
              <lines>
                <line number="57" hits="0" branch="False" />
              </lines>
            </method>
            <method name="HandleKeyEvent" signature="(DIKUArcade.Input.KeyboardAction,DIKUArcade.Input.KeyboardKey)" line-rate="0.7187" branch-rate="0.8887999999999999" complexity="18">
              <lines>
                <line number="58" hits="5" branch="False" />
                <line number="59" hits="9" branch="True" condition-coverage="100% (2/2)">
                  <conditions>
                    <condition number="7" type="jump" coverage="100%" />
                  </conditions>
                </line>
                <line number="60" hits="4" branch="True" condition-coverage="100% (6/6)">
                  <conditions>
                    <condition number="20" type="jump" coverage="100%" />
                    <condition number="30" type="jump" coverage="100%" />
                    <condition number="37" type="jump" coverage="100%" />
                  </conditions>
                </line>
                <line number="62" hits="2" branch="True" condition-coverage="50% (1/2)">
                  <conditions>
                    <condition number="55" type="jump" coverage="50%" />
                  </conditions>
                </line>
                <line number="63" hits="0" branch="False" />
                <line number="64" hits="0" branch="False" />
                <line number="65" hits="2" branch="False" />
                <line number="66" hits="2" branch="False" />
                <line number="68" hits="2" branch="True" condition-coverage="100% (2/2)">
                  <conditions>
                    <condition number="130" type="jump" coverage="100%" />
                  </conditions>
                </line>
                <line number="69" hits="1" branch="False" />
                <line number="70" hits="1" branch="False" />
                <line number="71" hits="1" branch="False" />
                <line number="72" hits="1" branch="False" />
                <line number="74" hits="2" branch="True" condition-coverage="50% (1/2)">
                  <conditions>
                    <condition number="199" type="jump" coverage="50%" />
                  </conditions>
                </line>
                <line number="75" hits="1" branch="False" />
                <line number="76" hits="1" branch="False" />
                <line number="77" hits="0" branch="False" />
                <line number="78" hits="0" branch="False" />
                <line number="79" hits="0" branch="False" />
                <line number="80" hits="0" branch="False" />
                <line number="81" hits="0" branch="False" />
                <line number="82" hits="0" branch="False" />
                <line number="83" hits="1" branch="False" />
                <line number="85" hits="0" branch="False" />
                <line number="87" hits="5" branch="False" />
                <line number="88" hits="8" branch="True" condition-coverage="100% (2/2)">
                  <conditions>
                    <condition number="383" type="jump" coverage="100%" />
                  </conditions>
                </line>
                <line number="89" hits="3" branch="True" condition-coverage="100% (2/2)">
                  <conditions>
                    <condition number="314" type="jump" coverage="100%" />
                  </conditions>
                </line>
                <line number="90" hits="1" branch="False" />
                <line number="91" hits="1" branch="False" />
                <line number="92" hits="2" branch="False" />
                <line number="93" hits="1" branch="False" />
                <line number="94" hits="5" branch="False" />
              </lines>
            </method>
            <method name="RenderState" signature="()" line-rate="1" branch-rate="1" complexity="2">
              <lines>
                <line number="96" hits="1" branch="False" />
                <line number="97" hits="1" branch="False" />
                <line number="98" hits="9" branch="True" condition-coverage="100% (2/2)">
                  <conditions>
                    <condition number="52" type="jump" coverage="100%" />
                  </conditions>
                </line>
                <line number="100" hits="2" branch="False" />
                <line number="101" hits="2" branch="False" />
                <line number="102" hits="1" branch="False" />
              </lines>
            </method>
            <method name=".ctor" signature="(Statemachine.stateMachine)" line-rate="1" branch-rate="1" complexity="1">
              <lines>
                <line number="29" hits="54" branch="False" />
                <line number="32" hits="54" branch="False" />
                <line number="41" hits="108" branch="False" />
                <line number="42" hits="54" branch="False" />
                <line number="43" hits="54" branch="False" />
                <line number="44" hits="54" branch="False" />
                <line number="45" hits="54" branch="False" />
              </lines>
            </method>
          </methods>
          <lines>
            <line number="34" hits="120" branch="False" />
            <line number="35" hits="121" branch="True" condition-coverage="100% (2/2)">
              <conditions>
                <condition number="11" type="jump" coverage="100%" />
              </conditions>
            </line>
            <line number="36" hits="1" branch="False" />
            <line number="37" hits="1" branch="False" />
            <line number="38" hits="120" branch="False" />
            <line number="39" hits="120" branch="False" />
            <line number="47" hits="54" branch="False" />
            <line number="48" hits="54" branch="False" />
            <line number="49" hits="54" branch="False" />
            <line number="50" hits="54" branch="False" />
            <line number="51" hits="486" branch="True" condition-coverage="100% (2/2)">
              <conditions>
                <condition number="203" type="jump" coverage="100%" />
              </conditions>
            </line>
            <line number="52" hits="108" branch="False" />
            <line number="53" hits="108" branch="False" />
            <line number="54" hits="54" branch="False" />
            <line number="55" hits="54" branch="False" />
            <line number="57" hits="0" branch="False" />
            <line number="58" hits="5" branch="False" />
            <line number="59" hits="9" branch="True" condition-coverage="100% (2/2)">
              <conditions>
                <condition number="7" type="jump" coverage="100%" />
              </conditions>
            </line>
            <line number="60" hits="4" branch="True" condition-coverage="100% (6/6)">
              <conditions>
                <condition number="20" type="jump" coverage="100%" />
                <condition number="30" type="jump" coverage="100%" />
                <condition number="37" type="jump" coverage="100%" />
              </conditions>
            </line>
            <line number="62" hits="2" branch="True" condition-coverage="50% (1/2)">
              <conditions>
                <condition number="55" type="jump" coverage="50%" />
              </conditions>
            </line>
            <line number="63" hits="0" branch="False" />
            <line number="64" hits="0" branch="False" />
            <line number="65" hits="2" branch="False" />
            <line number="66" hits="2" branch="False" />
            <line number="68" hits="2" branch="True" condition-coverage="100% (2/2)">
              <conditions>
                <condition number="130" type="jump" coverage="100%" />
              </conditions>
            </line>
            <line number="69" hits="1" branch="False" />
            <line number="70" hits="1" branch="False" />
            <line number="71" hits="1" branch="False" />
            <line number="72" hits="1" branch="False" />
            <line number="74" hits="2" branch="True" condition-coverage="50% (1/2)">
              <conditions>
                <condition number="199" type="jump" coverage="50%" />
              </conditions>
            </line>
            <line number="75" hits="1" branch="False" />
            <line number="76" hits="1" branch="False" />
            <line number="77" hits="0" branch="False" />
            <line number="78" hits="0" branch="False" />
            <line number="79" hits="0" branch="False" />
            <line number="80" hits="0" branch="False" />
            <line number="81" hits="0" branch="False" />
            <line number="82" hits="0" branch="False" />
            <line number="83" hits="1" branch="False" />
            <line number="85" hits="0" branch="False" />
            <line number="87" hits="5" branch="False" />
            <line number="88" hits="8" branch="True" condition-coverage="100% (2/2)">
              <conditions>
                <condition number="383" type="jump" coverage="100%" />
              </conditions>
            </line>
            <line number="89" hits="3" branch="True" condition-coverage="100% (2/2)">
              <conditions>
                <condition number="314" type="jump" coverage="100%" />
              </conditions>
            </line>
            <line number="90" hits="1" branch="False" />
            <line number="91" hits="1" branch="False" />
            <line number="92" hits="2" branch="False" />
            <line number="93" hits="1" branch="False" />
            <line number="94" hits="5" branch="False" />
            <line number="96" hits="1" branch="False" />
            <line number="97" hits="1" branch="False" />
            <line number="98" hits="9" branch="True" condition-coverage="100% (2/2)">
              <conditions>
                <condition number="52" type="jump" coverage="100%" />
              </conditions>
            </line>
            <line number="100" hits="2" branch="False" />
            <line number="101" hits="2" branch="False" />
            <line number="102" hits="1" branch="False" />
            <line number="29" hits="54" branch="False" />
            <line number="32" hits="54" branch="False" />
            <line number="41" hits="108" branch="False" />
            <line number="42" hits="54" branch="False" />
            <line number="43" hits="54" branch="False" />
            <line number="44" hits="54" branch="False" />
            <line number="45" hits="54" branch="False" />
          </lines>
        </class>
        <class name="States.GameRunning.GameRunning" filename="Breakout\States\GameRunning.cs" line-rate="0.8643000000000001" branch-rate="0.8636" complexity="113">
          <methods>
            <method name="getOrSetInstance" signature="(Statemachine.stateMachine,System.Boolean)" line-rate="1" branch-rate="1" complexity="4">
              <lines>
                <line number="81" hits="111" branch="False" />
                <line number="82" hits="113" branch="True" condition-coverage="100% (2/2)">
                  <conditions>
                    <condition number="4" type="jump" coverage="100%" />
                  </conditions>
                </line>
                <line number="83" hits="2" branch="False" />
                <line number="84" hits="2" branch="False" />
                <line number="85" hits="114" branch="True" condition-coverage="100% (2/2)">
                  <conditions>
                    <condition number="24" type="jump" coverage="100%" />
                  </conditions>
                </line>
                <line number="86" hits="3" branch="False" />
                <line number="87" hits="3" branch="False" />
                <line number="88" hits="111" branch="False" />
                <line number="89" hits="111" branch="False" />
              </lines>
            </method>
            <method name="ProcessEvent" signature="()" line-rate="0" branch-rate="1" complexity="1">
              <lines>
                <line number="91" hits="0" branch="False" />
              </lines>
            </method>
            <method name="InitializeGameState" signature="()" line-rate="0.9229999999999999" branch-rate="1" complexity="2">
              <lines>
                <line number="93" hits="56" branch="False" />
                <line number="94" hits="56" branch="False" />
                <line number="96" hits="56" branch="False" />
                <line number="97" hits="56" branch="False" />
                <line number="98" hits="1008" branch="True" condition-coverage="100% (2/2)">
                  <conditions>
                    <condition number="266" type="jump" coverage="100%" />
                  </conditions>
                </line>
                <line number="99" hits="280" branch="False" />
                <line number="100" hits="280" branch="False" />
                <line number="101" hits="56" branch="False" />
                <line number="102" hits="56" branch="False" />
                <line number="103" hits="0" branch="False" />
                <line number="104" hits="168" branch="False" />
                <line number="106" hits="56" branch="False" />
                <line number="107" hits="56" branch="False" />
              </lines>
            </method>
            <method name="makeLevel" signature="(System.String)" line-rate="1" branch-rate="1" complexity="24">
              <lines>
                <line number="135" hits="63" branch="False" />
                <line number="136" hits="63" branch="False" />
                <line number="137" hits="63" branch="False" />
                <line number="139" hits="63" branch="False" />
                <line number="141" hits="119" branch="True" condition-coverage="100% (2/2)">
                  <conditions>
                    <condition number="61" type="jump" coverage="100%" />
                  </conditions>
                </line>
                <line number="142" hits="56" branch="False" />
                <line number="143" hits="56" branch="False" />
                <line number="144" hits="56" branch="False" />
                <line number="145" hits="56" branch="False" />
                <line number="147" hits="63" branch="False" />
                <line number="148" hits="63" branch="False" />
                <line number="149" hits="63" branch="False" />
                <line number="150" hits="63" branch="False" />
                <line number="152" hits="63" branch="False" />
                <line number="153" hits="63" branch="False" />
                <line number="155" hits="4914" branch="True" condition-coverage="100% (2/2)">
                  <conditions>
                    <condition number="700" type="jump" coverage="100%" />
                  </conditions>
                </line>
                <line number="156" hits="61425" branch="True" condition-coverage="100% (2/2)">
                  <conditions>
                    <condition number="670" type="jump" coverage="100%" />
                  </conditions>
                </line>
                <line number="157" hits="23660" branch="True" condition-coverage="100% (2/2)">
                  <conditions>
                    <condition number="246" type="jump" coverage="100%" />
                  </conditions>
                </line>
                <line number="158" hits="4760" branch="False" />
                <line number="159" hits="4760" branch="False" />
                <line number="160" hits="4760" branch="False" />
                <line number="161" hits="4760" branch="False" />
                <line number="163" hits="4760" branch="False" />
                <line number="164" hits="29743" branch="True" condition-coverage="100% (2/2)">
                  <conditions>
                    <condition number="503" type="jump" coverage="100%" />
                  </conditions>
                </line>
                <line number="165" hits="7861" branch="True" condition-coverage="100% (2/2)">
                  <conditions>
                    <condition number="390" type="jump" coverage="100%" />
                  </conditions>
                </line>
                <line number="166" hits="4060" branch="True" condition-coverage="100% (2/2)">
                  <conditions>
                    <condition number="418" type="jump" coverage="100%" />
                  </conditions>
                </line>
                <line number="167" hits="2191" branch="True" condition-coverage="100% (2/2)">
                  <conditions>
                    <condition number="458" type="jump" coverage="100%" />
                  </conditions>
                </line>
                <line number="168" hits="161" branch="False" />
                <line number="169" hits="161" branch="False" />
                <line number="170" hits="2030" branch="False" />
                <line number="171" hits="2030" branch="False" />
                <line number="172" hits="2030" branch="False" />
                <line number="173" hits="2030" branch="False" />
                <line number="175" hits="3801" branch="False" />
                <line number="176" hits="7490" branch="True" condition-coverage="100% (2/2)">
                  <conditions>
                    <condition number="532" type="jump" coverage="100%" />
                  </conditions>
                </line>
                <line number="177" hits="5460" branch="True" condition-coverage="100% (2/2)">
                  <conditions>
                    <condition number="560" type="jump" coverage="100%" />
                  </conditions>
                </line>
                <line number="178" hits="4074" branch="True" condition-coverage="100% (2/2)">
                  <conditions>
                    <condition number="600" type="jump" coverage="100%" />
                  </conditions>
                </line>
                <line number="179" hits="1344" branch="False" />
                <line number="180" hits="1344" branch="False" />
                <line number="181" hits="2730" branch="False" />
                <line number="182" hits="2730" branch="False" />
                <line number="183" hits="2730" branch="False" />
                <line number="184" hits="18900" branch="False" />
                <line number="185" hits="14140" branch="False" />
                <line number="186" hits="14140" branch="False" />
                <line number="187" hits="18900" branch="False" />
                <line number="189" hits="1575" branch="False" />
                <line number="190" hits="1575" branch="False" />
                <line number="191" hits="1575" branch="False" />
                <line number="192" hits="14469" branch="True" condition-coverage="100% (2/2)">
                  <conditions>
                    <condition number="780" type="jump" coverage="100%" />
                  </conditions>
                </line>
                <line number="193" hits="4760" branch="False" />
                <line number="194" hits="4760" branch="False" />
                <line number="195" hits="63" branch="False" />
                <line number="196" hits="63" branch="False" />
                <line number="197" hits="63" branch="False" />
                <line number="198" hits="63" branch="False" />
              </lines>
            </method>
            <method name="ResetState" signature="()" line-rate="0" branch-rate="1" complexity="1">
              <lines>
                <line number="200" hits="0" branch="False" />
                <line number="201" hits="0" branch="False" />
              </lines>
            </method>
            <method name="UpdateState" signature="()" line-rate="0.5454" branch-rate="0.6666" complexity="6">
              <lines>
                <line number="203" hits="182" branch="False" />
                <line number="204" hits="182" branch="True" condition-coverage="50% (1/2)">
                  <conditions>
                    <condition number="15" type="jump" coverage="50%" />
                  </conditions>
                </line>
                <line number="205" hits="0" branch="False" />
                <line number="206" hits="0" branch="False" />
                <line number="207" hits="364" branch="True" condition-coverage="100% (2/2)">
                  <conditions>
                    <condition number="56" type="jump" coverage="100%" />
                  </conditions>
                </line>
                <line number="208" hits="182" branch="True" condition-coverage="50% (1/2)">
                  <conditions>
                    <condition number="81" type="jump" coverage="50%" />
                  </conditions>
                </line>
                <line number="209" hits="0" branch="False" />
                <line number="210" hits="0" branch="False" />
                <line number="211" hits="0" branch="False" />
                <line number="212" hits="182" branch="False" />
                <line number="214" hits="182" branch="False" />
              </lines>
            </method>
            <method name="placePowerUp" signature="(System.Single,System.Single)" line-rate="1" branch-rate="1" complexity="1">
              <lines>
                <line number="215" hits="33" branch="False" />
                <line number="216" hits="33" branch="False" />
                <line number="217" hits="33" branch="False" />
                <line number="218" hits="33" branch="False" />
                <line number="219" hits="33" branch="False" />
                <line number="221" hits="33" branch="False" />
                <line number="222" hits="33" branch="False" />
                <line number="223" hits="33" branch="False" />
              </lines>
            </method>
            <method name="gameLogic" signature="()" line-rate="0.3333" branch-rate="0.4" complexity="10">
              <lines>
                <line number="225" hits="93" branch="False" />
                <line number="226" hits="93" branch="True" condition-coverage="50% (2/4)">
                  <conditions>
                    <condition number="12" type="jump" coverage="50%" />
                    <condition number="28" type="jump" coverage="50%" />
                  </conditions>
                </line>
                <line number="227" hits="0" branch="False" />
                <line number="228" hits="0" branch="True" condition-coverage="0% (0/2)">
                  <conditions>
                    <condition number="62" type="jump" coverage="0%" />
                  </conditions>
                </line>
                <line number="229" hits="0" branch="False" />
                <line number="230" hits="0" branch="False" />
                <line number="231" hits="0" branch="False" />
                <line number="232" hits="0" branch="False" />
                <line number="233" hits="93" branch="True" condition-coverage="50% (2/4)">
                  <conditions>
                    <condition number="174" type="jump" coverage="50%" />
                    <condition number="190" type="jump" coverage="50%" />
                  </conditions>
                </line>
                <line number="234" hits="0" branch="False" />
                <line number="235" hits="0" branch="False" />
                <line number="236" hits="93" branch="False" />
              </lines>
            </method>
            <method name="RenderState" signature="()" line-rate="1" branch-rate="1" complexity="20">
              <lines>
                <line number="237" hits="93" branch="False" />
                <line number="238" hits="93" branch="False" />
                <line number="239" hits="93" branch="False" />
                <line number="240" hits="186" branch="True" condition-coverage="100% (2/2)">
                  <conditions>
                    <condition number="23" type="jump" coverage="100%" />
                  </conditions>
                </line>
                <line number="241" hits="93" branch="False" />
                <line number="242" hits="93" branch="False" />
                <line number="243" hits="558" branch="True" condition-coverage="100% (2/2)">
                  <conditions>
                    <condition number="212" type="jump" coverage="100%" />
                  </conditions>
                </line>
                <line number="244" hits="93" branch="False" />
                <line number="245" hits="93" branch="False" />
                <line number="246" hits="93" branch="False" />
                <line number="247" hits="1023" branch="True" condition-coverage="100% (2/2)">
                  <conditions>
                    <condition number="278" type="jump" coverage="100%" />
                  </conditions>
                </line>
                <line number="248" hits="279" branch="False" />
                <line number="249" hits="279" branch="False" />
                <line number="255" hits="93" branch="False" />
                <line number="256" hits="21354" branch="True" condition-coverage="100% (2/2)">
                  <conditions>
                    <condition number="545" type="jump" coverage="100%" />
                  </conditions>
                </line>
                <line number="257" hits="14088" branch="True" condition-coverage="100% (2/2)">
                  <conditions>
                    <condition number="320" type="jump" coverage="100%" />
                  </conditions>
                </line>
                <line number="258" hits="7032" branch="False" />
                <line number="259" hits="7056" branch="False" />
                <line number="260" hits="24" branch="False" />
                <line number="261" hits="24" branch="False" />
                <line number="262" hits="48" branch="True" condition-coverage="100% (2/2)">
                  <conditions>
                    <condition number="432" type="jump" coverage="100%" />
                  </conditions>
                </line>
                <line number="263" hits="24" branch="False" />
                <line number="264" hits="24" branch="False" />
                <line number="265" hits="24" branch="False" />
                <line number="266" hits="24" branch="False" />
                <line number="267" hits="7056" branch="False" />
                <line number="268" hits="375" branch="True" condition-coverage="100% (2/2)">
                  <conditions>
                    <condition number="629" type="jump" coverage="100%" />
                  </conditions>
                </line>
                <line number="269" hits="24" branch="False" />
                <line number="270" hits="24" branch="False" />
                <line number="271" hits="93" branch="False" />
                <line number="273" hits="537" branch="True" condition-coverage="100% (2/2)">
                  <conditions>
                    <condition number="834" type="jump" coverage="100%" />
                  </conditions>
                </line>
                <line number="274" hits="118" branch="True" condition-coverage="100% (2/2)">
                  <conditions>
                    <condition number="696" type="jump" coverage="100%" />
                  </conditions>
                </line>
                <line number="275" hits="2" branch="True" condition-coverage="100% (2/2)">
                  <conditions>
                    <condition number="721" type="jump" coverage="100%" />
                  </conditions>
                </line>
                <line number="276" hits="1" branch="False" />
                <line number="277" hits="1" branch="False" />
                <line number="278" hits="1" branch="False" />
                <line number="279" hits="1" branch="False" />
                <line number="280" hits="117" branch="False" />
                <line number="281" hits="116" branch="False" />
                <line number="282" hits="116" branch="False" />
                <line number="283" hits="116" branch="False" />
                <line number="284" hits="117" branch="False" />
                <line number="285" hits="93" branch="False" />
                <line number="286" hits="93" branch="False" />
                <line number="287" hits="93" branch="False" />
                <line number="289" hits="93" branch="False" />
              </lines>
            </method>
            <method name="HandleKeyEvent" signature="(DIKUArcade.Input.KeyboardAction,DIKUArcade.Input.KeyboardKey)" line-rate="0.8039000000000001" branch-rate="0.8" complexity="20">
              <lines>
                <line number="290" hits="5" branch="False" />
                <line number="291" hits="8" branch="True" condition-coverage="100% (2/2)">
                  <conditions>
                    <condition number="7" type="jump" coverage="100%" />
                  </conditions>
                </line>
                <line number="292" hits="3" branch="True" condition-coverage="80% (8/10)">
                  <conditions>
                    <condition number="20" type="jump" coverage="100%" />
                    <condition number="25" type="jump" coverage="100%" />
                    <condition number="42" type="jump" coverage="50%" />
                    <condition number="32" type="jump" coverage="100%" />
                    <condition number="52" type="jump" coverage="50%" />
                  </conditions>
                </line>
                <line number="294" hits="1" branch="False" />
                <line number="295" hits="1" branch="False" />
                <line number="296" hits="1" branch="False" />
                <line number="297" hits="1" branch="False" />
                <line number="298" hits="1" branch="False" />
                <line number="299" hits="1" branch="False" />
                <line number="301" hits="1" branch="False" />
                <line number="303" hits="1" branch="False" />
                <line number="304" hits="1" branch="False" />
                <line number="305" hits="1" branch="False" />
                <line number="306" hits="1" branch="False" />
                <line number="307" hits="1" branch="False" />
                <line number="308" hits="1" branch="False" />
                <line number="309" hits="1" branch="False" />
                <line number="311" hits="0" branch="False" />
                <line number="312" hits="0" branch="True" condition-coverage="0% (0/2)">
                  <conditions>
                    <condition number="274" type="jump" coverage="0%" />
                  </conditions>
                </line>
                <line number="313" hits="0" branch="False" />
                <line number="314" hits="0" branch="False" />
                <line number="315" hits="0" branch="False" />
                <line number="316" hits="0" branch="False" />
                <line number="317" hits="0" branch="False" />
                <line number="318" hits="0" branch="False" />
                <line number="320" hits="2" branch="True" condition-coverage="100% (2/2)">
                  <conditions>
                    <condition number="338" type="jump" coverage="100%" />
                  </conditions>
                </line>
                <line number="321" hits="1" branch="False" />
                <line number="322" hits="1" branch="False" />
                <line number="323" hits="1" branch="False" />
                <line number="324" hits="1" branch="False" />
                <line number="326" hits="0" branch="False" />
                <line number="328" hits="5" branch="False" />
                <line number="329" hits="2" branch="True" condition-coverage="100% (4/4)">
                  <conditions>
                    <condition number="393" type="jump" coverage="100%" />
                    <condition number="401" type="jump" coverage="100%" />
                  </conditions>
                </line>
                <line number="331" hits="1" branch="False" />
                <line number="332" hits="1" branch="False" />
                <line number="333" hits="1" branch="False" />
                <line number="334" hits="1" branch="False" />
                <line number="335" hits="1" branch="False" />
                <line number="336" hits="1" branch="False" />
                <line number="338" hits="1" branch="False" />
                <line number="340" hits="1" branch="False" />
                <line number="341" hits="1" branch="False" />
                <line number="342" hits="1" branch="False" />
                <line number="343" hits="1" branch="False" />
                <line number="344" hits="1" branch="False" />
                <line number="345" hits="1" branch="False" />
                <line number="346" hits="1" branch="False" />
                <line number="348" hits="0" branch="False" />
                <line number="350" hits="2" branch="False" />
                <line number="351" hits="5" branch="False" />
                <line number="352" hits="5" branch="False" />
              </lines>
            </method>
            <method name="get_getCurrentPowerUpBalls" signature="()" line-rate="1" branch-rate="1" complexity="1">
              <lines>
                <line number="355" hits="159" branch="False" />
              </lines>
            </method>
            <method name="set_getCurrentPowerUpBalls" signature="(System.Collections.Generic.Dictionary`2&lt;BallTypes.powerUpBall.PowerUpBall,System.String&gt;)" line-rate="0" branch-rate="1" complexity="1">
              <lines>
                <line number="356" hits="0" branch="False" />
              </lines>
            </method>
            <method name="get_getHealth" signature="()" line-rate="1" branch-rate="1" complexity="1">
              <lines>
                <line number="359" hits="9" branch="False" />
              </lines>
            </method>
            <method name="set_getHealth" signature="(System.Int32)" line-rate="1" branch-rate="1" complexity="2">
              <lines>
                <line number="360" hits="9" branch="True" condition-coverage="100% (2/2)">
                  <conditions>
                    <condition number="15" type="jump" coverage="100%" />
                  </conditions>
                </line>
                <line number="361" hits="3" branch="False" />
                <line number="362" hits="6" branch="False" />
              </lines>
            </method>
            <method name="get_getBlocks" signature="()" line-rate="1" branch-rate="1" complexity="1">
              <lines>
                <line number="365" hits="2268" branch="False" />
              </lines>
            </method>
            <method name="set_getBlocks" signature="(System.Collections.Generic.List`1&lt;Entities.Block.block&gt;)" line-rate="0" branch-rate="1" complexity="1">
              <lines>
                <line number="366" hits="0" branch="False" />
              </lines>
            </method>
            <method name="get_getBalls" signature="()" line-rate="1" branch-rate="1" complexity="1">
              <lines>
                <line number="369" hits="1524" branch="False" />
              </lines>
            </method>
            <method name="set_getBalls" signature="(System.Collections.Generic.List`1&lt;Entities.Ball.ball&gt;)" line-rate="0" branch-rate="1" complexity="1">
              <lines>
                <line number="370" hits="0" branch="False" />
              </lines>
            </method>
            <method name="get_getPlayer" signature="()" line-rate="1" branch-rate="1" complexity="1">
              <lines>
                <line number="373" hits="828" branch="False" />
              </lines>
            </method>
            <method name="get_getCountdown" signature="()" line-rate="1" branch-rate="1" complexity="1">
              <lines>
                <line number="376" hits="6" branch="False" />
              </lines>
            </method>
            <method name="set_getCountdown" signature="(System.Double)" line-rate="1" branch-rate="1" complexity="1">
              <lines>
                <line number="377" hits="3" branch="False" />
              </lines>
            </method>
            <method name="get_getHasTime" signature="()" line-rate="1" branch-rate="1" complexity="1">
              <lines>
                <line number="380" hits="3" branch="False" />
              </lines>
            </method>
            <method name="set_getPowerUpTime" signature="(System.Int32)" line-rate="0" branch-rate="1" complexity="1">
              <lines>
                <line number="383" hits="0" branch="False" />
              </lines>
            </method>
            <method name="get_getPowerUpTime" signature="()" line-rate="0" branch-rate="1" complexity="1">
              <lines>
                <line number="384" hits="0" branch="False" />
              </lines>
            </method>
            <method name="set_getId" signature="(System.Collections.Generic.List`1&lt;System.UInt32&gt;)" line-rate="0" branch-rate="1" complexity="1">
              <lines>
                <line number="387" hits="0" branch="False" />
              </lines>
            </method>
            <method name="get_getId" signature="()" line-rate="1" branch-rate="1" complexity="1">
              <lines>
                <line number="388" hits="33" branch="False" />
              </lines>
            </method>
            <method name="get_getMessageCount" signature="()" line-rate="1" branch-rate="1" complexity="1">
              <lines>
                <line number="391" hits="81" branch="False" />
              </lines>
            </method>
            <method name="set_getMessageCount" signature="(System.UInt32)" line-rate="1" branch-rate="1" complexity="1">
              <lines>
                <line number="392" hits="15" branch="False" />
              </lines>
            </method>
            <method name="get_getCurrentLevel" signature="()" line-rate="0" branch-rate="1" complexity="1">
              <lines>
                <line number="395" hits="0" branch="False" />
              </lines>
            </method>
            <method name="get_getPoints" signature="()" line-rate="1" branch-rate="1" complexity="1">
              <lines>
                <line number="398" hits="9" branch="False" />
              </lines>
            </method>
            <method name="get_getPowerUpCat" signature="()" line-rate="0" branch-rate="1" complexity="1">
              <lines>
                <line number="401" hits="0" branch="False" />
              </lines>
            </method>
            <method name="set_getPowerUpCat" signature="(System.Collections.Generic.Dictionary`2&lt;System.String,System.String&gt;)" line-rate="1" branch-rate="1" complexity="1">
              <lines>
                <line number="402" hits="21" branch="False" />
              </lines>
            </method>
            <method name=".ctor" signature="(Statemachine.stateMachine)" line-rate="1" branch-rate="1" complexity="1">
              <lines>
                <line number="63" hits="56" branch="False" />
                <line number="66" hits="56" branch="False" />
                <line number="70" hits="56" branch="False" />
                <line number="71" hits="56" branch="False" />
                <line number="79" hits="56" branch="False" />
                <line number="109" hits="112" branch="False" />
                <line number="110" hits="56" branch="False" />
                <line number="111" hits="56" branch="False" />
                <line number="112" hits="56" branch="False" />
                <line number="113" hits="56" branch="False" />
                <line number="114" hits="56" branch="False" />
                <line number="115" hits="56" branch="False" />
                <line number="116" hits="56" branch="False" />
                <line number="117" hits="56" branch="False" />
                <line number="118" hits="56" branch="False" />
                <line number="119" hits="56" branch="False" />
                <line number="120" hits="56" branch="False" />
                <line number="121" hits="56" branch="False" />
                <line number="125" hits="56" branch="False" />
                <line number="126" hits="56" branch="False" />
                <line number="128" hits="56" branch="False" />
                <line number="129" hits="56" branch="False" />
                <line number="131" hits="56" branch="False" />
                <line number="132" hits="56" branch="False" />
                <line number="133" hits="56" branch="False" />
              </lines>
            </method>
          </methods>
          <lines>
            <line number="81" hits="111" branch="False" />
            <line number="82" hits="113" branch="True" condition-coverage="100% (2/2)">
              <conditions>
                <condition number="4" type="jump" coverage="100%" />
              </conditions>
            </line>
            <line number="83" hits="2" branch="False" />
            <line number="84" hits="2" branch="False" />
            <line number="85" hits="114" branch="True" condition-coverage="100% (2/2)">
              <conditions>
                <condition number="24" type="jump" coverage="100%" />
              </conditions>
            </line>
            <line number="86" hits="3" branch="False" />
            <line number="87" hits="3" branch="False" />
            <line number="88" hits="111" branch="False" />
            <line number="89" hits="111" branch="False" />
            <line number="91" hits="0" branch="False" />
            <line number="93" hits="56" branch="False" />
            <line number="94" hits="56" branch="False" />
            <line number="96" hits="56" branch="False" />
            <line number="97" hits="56" branch="False" />
            <line number="98" hits="1008" branch="True" condition-coverage="100% (2/2)">
              <conditions>
                <condition number="266" type="jump" coverage="100%" />
              </conditions>
            </line>
            <line number="99" hits="280" branch="False" />
            <line number="100" hits="280" branch="False" />
            <line number="101" hits="56" branch="False" />
            <line number="102" hits="56" branch="False" />
            <line number="103" hits="0" branch="False" />
            <line number="104" hits="168" branch="False" />
            <line number="106" hits="56" branch="False" />
            <line number="107" hits="56" branch="False" />
            <line number="135" hits="63" branch="False" />
            <line number="136" hits="63" branch="False" />
            <line number="137" hits="63" branch="False" />
            <line number="139" hits="63" branch="False" />
            <line number="141" hits="119" branch="True" condition-coverage="100% (2/2)">
              <conditions>
                <condition number="61" type="jump" coverage="100%" />
              </conditions>
            </line>
            <line number="142" hits="56" branch="False" />
            <line number="143" hits="56" branch="False" />
            <line number="144" hits="56" branch="False" />
            <line number="145" hits="56" branch="False" />
            <line number="147" hits="63" branch="False" />
            <line number="148" hits="63" branch="False" />
            <line number="149" hits="63" branch="False" />
            <line number="150" hits="63" branch="False" />
            <line number="152" hits="63" branch="False" />
            <line number="153" hits="63" branch="False" />
            <line number="155" hits="4914" branch="True" condition-coverage="100% (2/2)">
              <conditions>
                <condition number="700" type="jump" coverage="100%" />
              </conditions>
            </line>
            <line number="156" hits="61425" branch="True" condition-coverage="100% (2/2)">
              <conditions>
                <condition number="670" type="jump" coverage="100%" />
              </conditions>
            </line>
            <line number="157" hits="23660" branch="True" condition-coverage="100% (2/2)">
              <conditions>
                <condition number="246" type="jump" coverage="100%" />
              </conditions>
            </line>
            <line number="158" hits="4760" branch="False" />
            <line number="159" hits="4760" branch="False" />
            <line number="160" hits="4760" branch="False" />
            <line number="161" hits="4760" branch="False" />
            <line number="163" hits="4760" branch="False" />
            <line number="164" hits="29743" branch="True" condition-coverage="100% (2/2)">
              <conditions>
                <condition number="503" type="jump" coverage="100%" />
              </conditions>
            </line>
            <line number="165" hits="7861" branch="True" condition-coverage="100% (2/2)">
              <conditions>
                <condition number="390" type="jump" coverage="100%" />
              </conditions>
            </line>
            <line number="166" hits="4060" branch="True" condition-coverage="100% (2/2)">
              <conditions>
                <condition number="418" type="jump" coverage="100%" />
              </conditions>
            </line>
            <line number="167" hits="2191" branch="True" condition-coverage="100% (2/2)">
              <conditions>
                <condition number="458" type="jump" coverage="100%" />
              </conditions>
            </line>
            <line number="168" hits="161" branch="False" />
            <line number="169" hits="161" branch="False" />
            <line number="170" hits="2030" branch="False" />
            <line number="171" hits="2030" branch="False" />
            <line number="172" hits="2030" branch="False" />
            <line number="173" hits="2030" branch="False" />
            <line number="175" hits="3801" branch="False" />
            <line number="176" hits="7490" branch="True" condition-coverage="100% (2/2)">
              <conditions>
                <condition number="532" type="jump" coverage="100%" />
              </conditions>
            </line>
            <line number="177" hits="5460" branch="True" condition-coverage="100% (2/2)">
              <conditions>
                <condition number="560" type="jump" coverage="100%" />
              </conditions>
            </line>
            <line number="178" hits="4074" branch="True" condition-coverage="100% (2/2)">
              <conditions>
                <condition number="600" type="jump" coverage="100%" />
              </conditions>
            </line>
            <line number="179" hits="1344" branch="False" />
            <line number="180" hits="1344" branch="False" />
            <line number="181" hits="2730" branch="False" />
            <line number="182" hits="2730" branch="False" />
            <line number="183" hits="2730" branch="False" />
            <line number="184" hits="18900" branch="False" />
            <line number="185" hits="14140" branch="False" />
            <line number="186" hits="14140" branch="False" />
            <line number="187" hits="18900" branch="False" />
            <line number="189" hits="1575" branch="False" />
            <line number="190" hits="1575" branch="False" />
            <line number="191" hits="1575" branch="False" />
            <line number="192" hits="14469" branch="True" condition-coverage="100% (2/2)">
              <conditions>
                <condition number="780" type="jump" coverage="100%" />
              </conditions>
            </line>
            <line number="193" hits="4760" branch="False" />
            <line number="194" hits="4760" branch="False" />
            <line number="195" hits="63" branch="False" />
            <line number="196" hits="63" branch="False" />
            <line number="197" hits="63" branch="False" />
            <line number="198" hits="63" branch="False" />
            <line number="200" hits="0" branch="False" />
            <line number="201" hits="0" branch="False" />
            <line number="203" hits="182" branch="False" />
            <line number="204" hits="182" branch="True" condition-coverage="50% (1/2)">
              <conditions>
                <condition number="15" type="jump" coverage="50%" />
              </conditions>
            </line>
            <line number="205" hits="0" branch="False" />
            <line number="206" hits="0" branch="False" />
            <line number="207" hits="364" branch="True" condition-coverage="100% (2/2)">
              <conditions>
                <condition number="56" type="jump" coverage="100%" />
              </conditions>
            </line>
            <line number="208" hits="182" branch="True" condition-coverage="50% (1/2)">
              <conditions>
                <condition number="81" type="jump" coverage="50%" />
              </conditions>
            </line>
            <line number="209" hits="0" branch="False" />
            <line number="210" hits="0" branch="False" />
            <line number="211" hits="0" branch="False" />
            <line number="212" hits="182" branch="False" />
            <line number="214" hits="182" branch="False" />
            <line number="215" hits="33" branch="False" />
            <line number="216" hits="33" branch="False" />
            <line number="217" hits="33" branch="False" />
            <line number="218" hits="33" branch="False" />
            <line number="219" hits="33" branch="False" />
            <line number="221" hits="33" branch="False" />
            <line number="222" hits="33" branch="False" />
            <line number="223" hits="33" branch="False" />
            <line number="225" hits="93" branch="False" />
            <line number="226" hits="93" branch="True" condition-coverage="50% (2/4)">
              <conditions>
                <condition number="12" type="jump" coverage="50%" />
                <condition number="28" type="jump" coverage="50%" />
              </conditions>
            </line>
            <line number="227" hits="0" branch="False" />
            <line number="228" hits="0" branch="True" condition-coverage="0% (0/2)">
              <conditions>
                <condition number="62" type="jump" coverage="0%" />
              </conditions>
            </line>
            <line number="229" hits="0" branch="False" />
            <line number="230" hits="0" branch="False" />
            <line number="231" hits="0" branch="False" />
            <line number="232" hits="0" branch="False" />
            <line number="233" hits="93" branch="True" condition-coverage="50% (2/4)">
              <conditions>
                <condition number="174" type="jump" coverage="50%" />
                <condition number="190" type="jump" coverage="50%" />
              </conditions>
            </line>
            <line number="234" hits="0" branch="False" />
            <line number="235" hits="0" branch="False" />
            <line number="236" hits="93" branch="False" />
            <line number="237" hits="93" branch="False" />
            <line number="238" hits="93" branch="False" />
            <line number="239" hits="93" branch="False" />
            <line number="240" hits="186" branch="True" condition-coverage="100% (2/2)">
              <conditions>
                <condition number="23" type="jump" coverage="100%" />
              </conditions>
            </line>
            <line number="241" hits="93" branch="False" />
            <line number="242" hits="93" branch="False" />
            <line number="243" hits="558" branch="True" condition-coverage="100% (2/2)">
              <conditions>
                <condition number="212" type="jump" coverage="100%" />
              </conditions>
            </line>
            <line number="244" hits="93" branch="False" />
            <line number="245" hits="93" branch="False" />
            <line number="246" hits="93" branch="False" />
            <line number="247" hits="1023" branch="True" condition-coverage="100% (2/2)">
              <conditions>
                <condition number="278" type="jump" coverage="100%" />
              </conditions>
            </line>
            <line number="248" hits="279" branch="False" />
            <line number="249" hits="279" branch="False" />
            <line number="255" hits="93" branch="False" />
            <line number="256" hits="21354" branch="True" condition-coverage="100% (2/2)">
              <conditions>
                <condition number="545" type="jump" coverage="100%" />
              </conditions>
            </line>
            <line number="257" hits="14088" branch="True" condition-coverage="100% (2/2)">
              <conditions>
                <condition number="320" type="jump" coverage="100%" />
              </conditions>
            </line>
            <line number="258" hits="7032" branch="False" />
            <line number="259" hits="7056" branch="False" />
            <line number="260" hits="24" branch="False" />
            <line number="261" hits="24" branch="False" />
            <line number="262" hits="48" branch="True" condition-coverage="100% (2/2)">
              <conditions>
                <condition number="432" type="jump" coverage="100%" />
              </conditions>
            </line>
            <line number="263" hits="24" branch="False" />
            <line number="264" hits="24" branch="False" />
            <line number="265" hits="24" branch="False" />
            <line number="266" hits="24" branch="False" />
            <line number="267" hits="7056" branch="False" />
            <line number="268" hits="375" branch="True" condition-coverage="100% (2/2)">
              <conditions>
                <condition number="629" type="jump" coverage="100%" />
              </conditions>
            </line>
            <line number="269" hits="24" branch="False" />
            <line number="270" hits="24" branch="False" />
            <line number="271" hits="93" branch="False" />
            <line number="273" hits="537" branch="True" condition-coverage="100% (2/2)">
              <conditions>
                <condition number="834" type="jump" coverage="100%" />
              </conditions>
            </line>
            <line number="274" hits="118" branch="True" condition-coverage="100% (2/2)">
              <conditions>
                <condition number="696" type="jump" coverage="100%" />
              </conditions>
            </line>
            <line number="275" hits="2" branch="True" condition-coverage="100% (2/2)">
              <conditions>
                <condition number="721" type="jump" coverage="100%" />
              </conditions>
            </line>
            <line number="276" hits="1" branch="False" />
            <line number="277" hits="1" branch="False" />
            <line number="278" hits="1" branch="False" />
            <line number="279" hits="1" branch="False" />
            <line number="280" hits="117" branch="False" />
            <line number="281" hits="116" branch="False" />
            <line number="282" hits="116" branch="False" />
            <line number="283" hits="116" branch="False" />
            <line number="284" hits="117" branch="False" />
            <line number="285" hits="93" branch="False" />
            <line number="286" hits="93" branch="False" />
            <line number="287" hits="93" branch="False" />
            <line number="289" hits="93" branch="False" />
            <line number="290" hits="5" branch="False" />
            <line number="291" hits="8" branch="True" condition-coverage="100% (2/2)">
              <conditions>
                <condition number="7" type="jump" coverage="100%" />
              </conditions>
            </line>
            <line number="292" hits="3" branch="True" condition-coverage="80% (8/10)">
              <conditions>
                <condition number="20" type="jump" coverage="100%" />
                <condition number="25" type="jump" coverage="100%" />
                <condition number="42" type="jump" coverage="50%" />
                <condition number="32" type="jump" coverage="100%" />
                <condition number="52" type="jump" coverage="50%" />
              </conditions>
            </line>
            <line number="294" hits="1" branch="False" />
            <line number="295" hits="1" branch="False" />
            <line number="296" hits="1" branch="False" />
            <line number="297" hits="1" branch="False" />
            <line number="298" hits="1" branch="False" />
            <line number="299" hits="1" branch="False" />
            <line number="301" hits="1" branch="False" />
            <line number="303" hits="1" branch="False" />
            <line number="304" hits="1" branch="False" />
            <line number="305" hits="1" branch="False" />
            <line number="306" hits="1" branch="False" />
            <line number="307" hits="1" branch="False" />
            <line number="308" hits="1" branch="False" />
            <line number="309" hits="1" branch="False" />
            <line number="311" hits="0" branch="False" />
            <line number="312" hits="0" branch="True" condition-coverage="0% (0/2)">
              <conditions>
                <condition number="274" type="jump" coverage="0%" />
              </conditions>
            </line>
            <line number="313" hits="0" branch="False" />
            <line number="314" hits="0" branch="False" />
            <line number="315" hits="0" branch="False" />
            <line number="316" hits="0" branch="False" />
            <line number="317" hits="0" branch="False" />
            <line number="318" hits="0" branch="False" />
            <line number="320" hits="2" branch="True" condition-coverage="100% (2/2)">
              <conditions>
                <condition number="338" type="jump" coverage="100%" />
              </conditions>
            </line>
            <line number="321" hits="1" branch="False" />
            <line number="322" hits="1" branch="False" />
            <line number="323" hits="1" branch="False" />
            <line number="324" hits="1" branch="False" />
            <line number="326" hits="0" branch="False" />
            <line number="328" hits="5" branch="False" />
            <line number="329" hits="2" branch="True" condition-coverage="100% (4/4)">
              <conditions>
                <condition number="393" type="jump" coverage="100%" />
                <condition number="401" type="jump" coverage="100%" />
              </conditions>
            </line>
            <line number="331" hits="1" branch="False" />
            <line number="332" hits="1" branch="False" />
            <line number="333" hits="1" branch="False" />
            <line number="334" hits="1" branch="False" />
            <line number="335" hits="1" branch="False" />
            <line number="336" hits="1" branch="False" />
            <line number="338" hits="1" branch="False" />
            <line number="340" hits="1" branch="False" />
            <line number="341" hits="1" branch="False" />
            <line number="342" hits="1" branch="False" />
            <line number="343" hits="1" branch="False" />
            <line number="344" hits="1" branch="False" />
            <line number="345" hits="1" branch="False" />
            <line number="346" hits="1" branch="False" />
            <line number="348" hits="0" branch="False" />
            <line number="350" hits="2" branch="False" />
            <line number="351" hits="5" branch="False" />
            <line number="352" hits="5" branch="False" />
            <line number="355" hits="159" branch="False" />
            <line number="356" hits="0" branch="False" />
            <line number="359" hits="9" branch="False" />
            <line number="360" hits="9" branch="True" condition-coverage="100% (2/2)">
              <conditions>
                <condition number="15" type="jump" coverage="100%" />
              </conditions>
            </line>
            <line number="361" hits="3" branch="False" />
            <line number="362" hits="6" branch="False" />
            <line number="365" hits="2268" branch="False" />
            <line number="366" hits="0" branch="False" />
            <line number="369" hits="1524" branch="False" />
            <line number="370" hits="0" branch="False" />
            <line number="373" hits="828" branch="False" />
            <line number="376" hits="6" branch="False" />
            <line number="377" hits="3" branch="False" />
            <line number="380" hits="3" branch="False" />
            <line number="383" hits="0" branch="False" />
            <line number="384" hits="0" branch="False" />
            <line number="387" hits="0" branch="False" />
            <line number="388" hits="33" branch="False" />
            <line number="391" hits="81" branch="False" />
            <line number="392" hits="15" branch="False" />
            <line number="395" hits="0" branch="False" />
            <line number="398" hits="9" branch="False" />
            <line number="401" hits="0" branch="False" />
            <line number="402" hits="21" branch="False" />
            <line number="63" hits="56" branch="False" />
            <line number="66" hits="56" branch="False" />
            <line number="70" hits="56" branch="False" />
            <line number="71" hits="56" branch="False" />
            <line number="79" hits="56" branch="False" />
            <line number="109" hits="112" branch="False" />
            <line number="110" hits="56" branch="False" />
            <line number="111" hits="56" branch="False" />
            <line number="112" hits="56" branch="False" />
            <line number="113" hits="56" branch="False" />
            <line number="114" hits="56" branch="False" />
            <line number="115" hits="56" branch="False" />
            <line number="116" hits="56" branch="False" />
            <line number="117" hits="56" branch="False" />
            <line number="118" hits="56" branch="False" />
            <line number="119" hits="56" branch="False" />
            <line number="120" hits="56" branch="False" />
            <line number="121" hits="56" branch="False" />
            <line number="125" hits="56" branch="False" />
            <line number="126" hits="56" branch="False" />
            <line number="128" hits="56" branch="False" />
            <line number="129" hits="56" branch="False" />
            <line number="131" hits="56" branch="False" />
            <line number="132" hits="56" branch="False" />
            <line number="133" hits="56" branch="False" />
          </lines>
        </class>
        <class name="States.GamePaused.GamePaused" filename="Breakout\States\GamePaused.cs" line-rate="0.9041" branch-rate="0.9615" complexity="29">
          <methods>
            <method name="getOrSetInstance" signature="(Statemachine.stateMachine)" line-rate="1" branch-rate="1" complexity="2">
              <lines>
                <line number="40" hits="1" branch="False" />
                <line number="41" hits="2" branch="True" condition-coverage="100% (2/2)">
                  <conditions>
                    <condition number="11" type="jump" coverage="100%" />
                  </conditions>
                </line>
                <line number="42" hits="1" branch="False" />
                <line number="43" hits="1" branch="False" />
                <line number="44" hits="1" branch="False" />
                <line number="45" hits="1" branch="False" />
              </lines>
            </method>
            <method name="InitializeGameState" signature="()" line-rate="1" branch-rate="1" complexity="2">
              <lines>
                <line number="59" hits="54" branch="False" />
                <line number="60" hits="54" branch="False" />
                <line number="61" hits="54" branch="False" />
                <line number="62" hits="54" branch="False" />
                <line number="63" hits="810" branch="True" condition-coverage="100% (2/2)">
                  <conditions>
                    <condition number="329" type="jump" coverage="100%" />
                  </conditions>
                </line>
                <line number="64" hits="216" branch="False" />
                <line number="65" hits="216" branch="False" />
                <line number="66" hits="216" branch="False" />
                <line number="67" hits="54" branch="False" />
                <line number="68" hits="54" branch="False" />
                <line number="69" hits="54" branch="False" />
              </lines>
            </method>
            <method name="ResetState" signature="()" line-rate="0" branch-rate="1" complexity="1">
              <lines>
                <line number="72" hits="0" branch="False" />
                <line number="73" hits="0" branch="False" />
              </lines>
            </method>
            <method name="UpdateState" signature="()" line-rate="0" branch-rate="1" complexity="1">
              <lines>
                <line number="75" hits="0" branch="False" />
                <line number="77" hits="0" branch="False" />
              </lines>
            </method>
            <method name="HandleKeyEvent" signature="(DIKUArcade.Input.KeyboardAction,DIKUArcade.Input.KeyboardKey)" line-rate="0.9189" branch-rate="0.95" complexity="20">
              <lines>
                <line number="78" hits="12" branch="False" />
                <line number="79" hits="22" branch="True" condition-coverage="100% (2/2)">
                  <conditions>
                    <condition number="7" type="jump" coverage="100%" />
                  </conditions>
                </line>
                <line number="80" hits="10" branch="True" condition-coverage="100% (6/6)">
                  <conditions>
                    <condition number="20" type="jump" coverage="100%" />
                    <condition number="30" type="jump" coverage="100%" />
                    <condition number="37" type="jump" coverage="100%" />
                  </conditions>
                </line>
                <line number="82" hits="1" branch="True" condition-coverage="50% (1/2)">
                  <conditions>
                    <condition number="55" type="jump" coverage="50%" />
                  </conditions>
                </line>
                <line number="83" hits="0" branch="False" />
                <line number="84" hits="0" branch="False" />
                <line number="85" hits="1" branch="False" />
                <line number="86" hits="1" branch="False" />
                <line number="88" hits="10" branch="True" condition-coverage="100% (2/2)">
                  <conditions>
                    <condition number="130" type="jump" coverage="100%" />
                  </conditions>
                </line>
                <line number="89" hits="5" branch="False" />
                <line number="90" hits="5" branch="False" />
                <line number="91" hits="5" branch="False" />
                <line number="92" hits="5" branch="False" />
                <line number="94" hits="6" branch="True" condition-coverage="100% (2/2)">
                  <conditions>
                    <condition number="202" type="jump" coverage="100%" />
                  </conditions>
                </line>
                <line number="95" hits="2" branch="False" />
                <line number="96" hits="2" branch="False" />
                <line number="97" hits="2" branch="False" />
                <line number="98" hits="3" branch="True" condition-coverage="100% (2/2)">
                  <conditions>
                    <condition number="251" type="jump" coverage="100%" />
                  </conditions>
                </line>
                <line number="99" hits="1" branch="False" />
                <line number="100" hits="1" branch="False" />
                <line number="101" hits="2" branch="False" />
                <line number="102" hits="1" branch="False" />
                <line number="103" hits="1" branch="False" />
                <line number="104" hits="1" branch="False" />
                <line number="105" hits="1" branch="False" />
                <line number="106" hits="1" branch="False" />
                <line number="107" hits="1" branch="False" />
                <line number="108" hits="4" branch="False" />
                <line number="110" hits="0" branch="False" />
                <line number="112" hits="12" branch="False" />
                <line number="113" hits="22" branch="True" condition-coverage="100% (2/2)">
                  <conditions>
                    <condition number="441" type="jump" coverage="100%" />
                  </conditions>
                </line>
                <line number="114" hits="10" branch="True" condition-coverage="100% (2/2)">
                  <conditions>
                    <condition number="372" type="jump" coverage="100%" />
                  </conditions>
                </line>
                <line number="115" hits="4" branch="False" />
                <line number="116" hits="4" branch="False" />
                <line number="117" hits="6" branch="False" />
                <line number="139" hits="2" branch="False" />
                <line number="140" hits="12" branch="False" />
              </lines>
            </method>
            <method name="RenderState" signature="()" line-rate="1" branch-rate="1" complexity="2">
              <lines>
                <line number="142" hits="1" branch="False" />
                <line number="143" hits="1" branch="False" />
                <line number="144" hits="15" branch="True" condition-coverage="100% (2/2)">
                  <conditions>
                    <condition number="52" type="jump" coverage="100%" />
                  </conditions>
                </line>
                <line number="145" hits="4" branch="False" />
                <line number="146" hits="4" branch="False" />
                <line number="147" hits="1" branch="False" />
              </lines>
            </method>
            <method name=".ctor" signature="(Statemachine.stateMachine)" line-rate="1" branch-rate="1" complexity="1">
              <lines>
                <line number="33" hits="54" branch="False" />
                <line number="36" hits="54" branch="False" />
                <line number="47" hits="108" branch="False" />
                <line number="48" hits="54" branch="False" />
                <line number="49" hits="54" branch="False" />
                <line number="50" hits="54" branch="False" />
                <line number="52" hits="54" branch="False" />
                <line number="56" hits="54" branch="False" />
                <line number="57" hits="54" branch="False" />
              </lines>
            </method>
          </methods>
          <lines>
            <line number="40" hits="1" branch="False" />
            <line number="41" hits="2" branch="True" condition-coverage="100% (2/2)">
              <conditions>
                <condition number="11" type="jump" coverage="100%" />
              </conditions>
            </line>
            <line number="42" hits="1" branch="False" />
            <line number="43" hits="1" branch="False" />
            <line number="44" hits="1" branch="False" />
            <line number="45" hits="1" branch="False" />
            <line number="59" hits="54" branch="False" />
            <line number="60" hits="54" branch="False" />
            <line number="61" hits="54" branch="False" />
            <line number="62" hits="54" branch="False" />
            <line number="63" hits="810" branch="True" condition-coverage="100% (2/2)">
              <conditions>
                <condition number="329" type="jump" coverage="100%" />
              </conditions>
            </line>
            <line number="64" hits="216" branch="False" />
            <line number="65" hits="216" branch="False" />
            <line number="66" hits="216" branch="False" />
            <line number="67" hits="54" branch="False" />
            <line number="68" hits="54" branch="False" />
            <line number="69" hits="54" branch="False" />
            <line number="72" hits="0" branch="False" />
            <line number="73" hits="0" branch="False" />
            <line number="75" hits="0" branch="False" />
            <line number="77" hits="0" branch="False" />
            <line number="78" hits="12" branch="False" />
            <line number="79" hits="22" branch="True" condition-coverage="100% (2/2)">
              <conditions>
                <condition number="7" type="jump" coverage="100%" />
              </conditions>
            </line>
            <line number="80" hits="10" branch="True" condition-coverage="100% (6/6)">
              <conditions>
                <condition number="20" type="jump" coverage="100%" />
                <condition number="30" type="jump" coverage="100%" />
                <condition number="37" type="jump" coverage="100%" />
              </conditions>
            </line>
            <line number="82" hits="1" branch="True" condition-coverage="50% (1/2)">
              <conditions>
                <condition number="55" type="jump" coverage="50%" />
              </conditions>
            </line>
            <line number="83" hits="0" branch="False" />
            <line number="84" hits="0" branch="False" />
            <line number="85" hits="1" branch="False" />
            <line number="86" hits="1" branch="False" />
            <line number="88" hits="10" branch="True" condition-coverage="100% (2/2)">
              <conditions>
                <condition number="130" type="jump" coverage="100%" />
              </conditions>
            </line>
            <line number="89" hits="5" branch="False" />
            <line number="90" hits="5" branch="False" />
            <line number="91" hits="5" branch="False" />
            <line number="92" hits="5" branch="False" />
            <line number="94" hits="6" branch="True" condition-coverage="100% (2/2)">
              <conditions>
                <condition number="202" type="jump" coverage="100%" />
              </conditions>
            </line>
            <line number="95" hits="2" branch="False" />
            <line number="96" hits="2" branch="False" />
            <line number="97" hits="2" branch="False" />
            <line number="98" hits="3" branch="True" condition-coverage="100% (2/2)">
              <conditions>
                <condition number="251" type="jump" coverage="100%" />
              </conditions>
            </line>
            <line number="99" hits="1" branch="False" />
            <line number="100" hits="1" branch="False" />
            <line number="101" hits="2" branch="False" />
            <line number="102" hits="1" branch="False" />
            <line number="103" hits="1" branch="False" />
            <line number="104" hits="1" branch="False" />
            <line number="105" hits="1" branch="False" />
            <line number="106" hits="1" branch="False" />
            <line number="107" hits="1" branch="False" />
            <line number="108" hits="4" branch="False" />
            <line number="110" hits="0" branch="False" />
            <line number="112" hits="12" branch="False" />
            <line number="113" hits="22" branch="True" condition-coverage="100% (2/2)">
              <conditions>
                <condition number="441" type="jump" coverage="100%" />
              </conditions>
            </line>
            <line number="114" hits="10" branch="True" condition-coverage="100% (2/2)">
              <conditions>
                <condition number="372" type="jump" coverage="100%" />
              </conditions>
            </line>
            <line number="115" hits="4" branch="False" />
            <line number="116" hits="4" branch="False" />
            <line number="117" hits="6" branch="False" />
            <line number="139" hits="2" branch="False" />
            <line number="140" hits="12" branch="False" />
            <line number="142" hits="1" branch="False" />
            <line number="143" hits="1" branch="False" />
            <line number="144" hits="15" branch="True" condition-coverage="100% (2/2)">
              <conditions>
                <condition number="52" type="jump" coverage="100%" />
              </conditions>
            </line>
            <line number="145" hits="4" branch="False" />
            <line number="146" hits="4" branch="False" />
            <line number="147" hits="1" branch="False" />
            <line number="33" hits="54" branch="False" />
            <line number="36" hits="54" branch="False" />
            <line number="47" hits="108" branch="False" />
            <line number="48" hits="54" branch="False" />
            <line number="49" hits="54" branch="False" />
            <line number="50" hits="54" branch="False" />
            <line number="52" hits="54" branch="False" />
            <line number="56" hits="54" branch="False" />
[...]
          </methods>
          <lines>
            <line number="17" hits="0" branch="False" />
            <line number="18" hits="0" branch="False" />
            <line number="19" hits="0" branch="False" />
            <line number="33" hits="0" branch="False" />
            <line number="34" hits="0" branch="False" />
            <line number="35" hits="0" branch="False" />
            <line number="38" hits="0" branch="True" condition-coverage="0% (0/2)">
              <conditions>
                <condition number="55" type="jump" coverage="0%" />
              </conditions>
            </line>
            <line number="39" hits="0" branch="False" />
            <line number="40" hits="0" branch="False" />
            <line number="43" hits="0" branch="True" condition-coverage="0% (0/2)">
              <conditions>
                <condition number="123" type="jump" coverage="0%" />
              </conditions>
            </line>
            <line number="44" hits="0" branch="True" condition-coverage="0% (0/2)">
              <conditions>
                <condition number="102" type="jump" coverage="0%" />
              </conditions>
            </line>
            <line number="45" hits="0" branch="False" />
            <line number="46" hits="0" branch="False" />
            <line number="47" hits="0" branch="False" />
            <line number="48" hits="0" branch="False" />
            <line number="49" hits="0" branch="False" />
            <line number="54" hits="0" branch="False" />
            <line number="55" hits="0" branch="True" condition-coverage="0% (0/2)">
              <conditions>
                <condition number="61" type="jump" coverage="0%" />
              </conditions>
            </line>
            <line number="56" hits="0" branch="False" />
            <line number="57" hits="0" branch="False" />
            <line number="58" hits="0" branch="False" />
            <line number="63" hits="0" branch="False" />
            <line number="64" hits="0" branch="False" />
            <line number="65" hits="0" branch="False" />
            <line number="70" hits="0" branch="False" />
            <line number="71" hits="0" branch="False" />
            <line number="72" hits="0" branch="False" />
            <line number="78" hits="0" branch="False" />
            <line number="79" hits="0" branch="False" />
            <line number="80" hits="0" branch="False" />
            <line number="82" hits="0" branch="False" />
            <line number="83" hits="0" branch="False" />
            <line number="84" hits="0" branch="False" />
            <line number="11" hits="0" branch="False" />
            <line number="12" hits="0" branch="False" />
            <line number="13" hits="0" branch="False" />
            <line number="15" hits="0" branch="False" />
          </lines>
        </class>
        <class name="DIKUArcade.Entities.EntityContainer`1/EntityContainerEnum" filename="DIKUArcade\DIKUArcade\Entities\EntityContainerT.cs" line-rate="0" branch-rate="1" complexity="6">
          <methods>
            <method name="MoveNext" signature="()" line-rate="0" branch-rate="1" complexity="1">
              <lines>
                <line number="94" hits="0" branch="False" />
                <line number="95" hits="0" branch="False" />
                <line number="96" hits="0" branch="False" />
                <line number="97" hits="0" branch="False" />
              </lines>
            </method>
            <method name="Reset" signature="()" line-rate="0" branch-rate="1" complexity="1">
              <lines>
                <line number="99" hits="0" branch="False" />
                <line number="100" hits="0" branch="False" />
                <line number="101" hits="0" branch="False" />
              </lines>
            </method>
            <method name="System.IDisposable.Dispose" signature="()" line-rate="0" branch-rate="1" complexity="1">
              <lines>
                <line number="103" hits="0" branch="False" />
              </lines>
            </method>
            <method name="System.Collections.IEnumerator.get_Current" signature="()" line-rate="0" branch-rate="1" complexity="1">
              <lines>
                <line number="105" hits="0" branch="False" />
              </lines>
            </method>
            <method name="get_Current" signature="()" line-rate="0" branch-rate="1" complexity="1">
              <lines>
                <line number="107" hits="0" branch="False" />
              </lines>
            </method>
            <method name=".ctor" signature="(System.Collections.Generic.List`1&lt;T&gt;)" line-rate="0" branch-rate="1" complexity="1">
              <lines>
                <line number="88" hits="0" branch="False" />
                <line number="90" hits="0" branch="False" />
                <line number="91" hits="0" branch="False" />
                <line number="92" hits="0" branch="False" />
              </lines>
            </method>
          </methods>
          <lines>
            <line number="94" hits="0" branch="False" />
            <line number="95" hits="0" branch="False" />
            <line number="96" hits="0" branch="False" />
            <line number="97" hits="0" branch="False" />
            <line number="99" hits="0" branch="False" />
            <line number="100" hits="0" branch="False" />
            <line number="101" hits="0" branch="False" />
            <line number="103" hits="0" branch="False" />
            <line number="105" hits="0" branch="False" />
            <line number="107" hits="0" branch="False" />
            <line number="88" hits="0" branch="False" />
            <line number="90" hits="0" branch="False" />
            <line number="91" hits="0" branch="False" />
            <line number="92" hits="0" branch="False" />
          </lines>
        </class>
        <class name="DIKUArcade.Entities.Shape" filename="DIKUArcade\DIKUArcade\Entities\Shape.cs" line-rate="0.16390000000000002" branch-rate="0.75" complexity="22">
          <methods>
            <method name="get_Rotation" signature="()" line-rate="1" branch-rate="1" complexity="1">
              <lines>
                <line number="8" hits="7714" branch="False" />
              </lines>
            </method>
            <method name="get_Extent" signature="()" line-rate="1" branch-rate="1" complexity="1">
              <lines>
                <line number="14" hits="112335" branch="False" />
              </lines>
            </method>
            <method name="AsDynamicShape" signature="()" line-rate="1" branch-rate="1" complexity="2">
              <lines>
                <line number="24" hits="2370" branch="False" />
                <line number="25" hits="2370" branch="False" />
                <line number="26" hits="2370" branch="True" condition-coverage="100% (2/2)">
                  <conditions>
                    <condition number="10" type="jump" coverage="100%" />
                  </conditions>
                </line>
                <line number="27" hits="2370" branch="False" />
              </lines>
            </method>
            <method name="AsStationaryShape" signature="()" line-rate="1" branch-rate="0.5" complexity="2">
              <lines>
                <line number="36" hits="4760" branch="False" />
                <line number="37" hits="4760" branch="False" />
                <line number="38" hits="4760" branch="True" condition-coverage="50% (1/2)">
                  <conditions>
                    <condition number="10" type="jump" coverage="50%" />
                  </conditions>
                </line>
                <line number="39" hits="4760" branch="False" />
              </lines>
            </method>
            <method name="Scale" signature="(System.Single)" line-rate="0" branch-rate="1" complexity="1">
              <lines>
                <line number="43" hits="0" branch="False" />
                <line number="44" hits="0" branch="False" />
                <line number="45" hits="0" branch="False" />
              </lines>
            </method>
            <method name="Scale" signature="(DIKUArcade.Math.Vec2F)" line-rate="0" branch-rate="1" complexity="1">
              <lines>
                <line number="47" hits="0" branch="False" />
                <line number="49" hits="0" branch="False" />
                <line number="50" hits="0" branch="False" />
              </lines>
            </method>
            <method name="ScaleX" signature="(System.Single)" line-rate="0" branch-rate="1" complexity="1">
              <lines>
                <line number="52" hits="0" branch="False" />
                <line number="53" hits="0" branch="False" />
                <line number="54" hits="0" branch="False" />
              </lines>
            </method>
            <method name="ScaleY" signature="(System.Single)" line-rate="0" branch-rate="1" complexity="1">
              <lines>
                <line number="56" hits="0" branch="False" />
                <line number="57" hits="0" branch="False" />
                <line number="58" hits="0" branch="False" />
              </lines>
            </method>
            <method name="ScaleXFromCenter" signature="(System.Single)" line-rate="0" branch-rate="1" complexity="1">
              <lines>
                <line number="60" hits="0" branch="False" />
                <line number="61" hits="0" branch="False" />
                <line number="62" hits="0" branch="False" />
                <line number="63" hits="0" branch="False" />
              </lines>
            </method>
            <method name="ScaleYFromCenter" signature="(System.Single)" line-rate="0" branch-rate="1" complexity="1">
              <lines>
                <line number="65" hits="0" branch="False" />
                <line number="66" hits="0" branch="False" />
                <line number="67" hits="0" branch="False" />
                <line number="68" hits="0" branch="False" />
              </lines>
            </method>
            <method name="ScaleFromCenter" signature="(System.Single)" line-rate="0" branch-rate="1" complexity="1">
              <lines>
                <line number="70" hits="0" branch="False" />
                <line number="71" hits="0" branch="False" />
                <line number="72" hits="0" branch="False" />
                <line number="73" hits="0" branch="False" />
              </lines>
            </method>
            <method name="ScaleFromCenter" signature="(DIKUArcade.Math.Vec2F)" line-rate="0" branch-rate="1" complexity="1">
              <lines>
                <line number="75" hits="0" branch="False" />
                <line number="76" hits="0" branch="False" />
                <line number="77" hits="0" branch="False" />
                <line number="78" hits="0" branch="False" />
              </lines>
            </method>
            <method name="Move" signature="()" line-rate="0" branch-rate="1" complexity="1">
              <lines>
                <line number="83" hits="0" branch="False" />
              </lines>
            </method>
            <method name="Move" signature="(DIKUArcade.Math.Vec2F)" line-rate="0" branch-rate="1" complexity="1">
              <lines>
                <line number="85" hits="0" branch="False" />
                <line number="86" hits="0" branch="False" />
                <line number="87" hits="0" branch="False" />
              </lines>
            </method>
            <method name="MoveX" signature="(System.Single)" line-rate="0" branch-rate="1" complexity="1">
              <lines>
                <line number="89" hits="0" branch="False" />
                <line number="90" hits="0" branch="False" />
                <line number="91" hits="0" branch="False" />
              </lines>
            </method>
            <method name="MoveY" signature="(System.Single)" line-rate="0" branch-rate="1" complexity="1">
              <lines>
                <line number="93" hits="0" branch="False" />
                <line number="94" hits="0" branch="False" />
                <line number="95" hits="0" branch="False" />
              </lines>
            </method>
            <method name="Move" signature="(System.Single,System.Single)" line-rate="0" branch-rate="1" complexity="1">
              <lines>
                <line number="97" hits="0" branch="False" />
                <line number="98" hits="0" branch="False" />
                <line number="99" hits="0" branch="False" />
                <line number="100" hits="0" branch="False" />
              </lines>
            </method>
            <method name="Rotate" signature="(System.Single)" line-rate="0" branch-rate="1" complexity="1">
              <lines>
                <line number="102" hits="0" branch="False" />
                <line number="103" hits="0" branch="False" />
                <line number="104" hits="0" branch="False" />
              </lines>
            </method>
            <method name="SetRotation" signature="(System.Single)" line-rate="0" branch-rate="1" complexity="1">
              <lines>
                <line number="106" hits="0" branch="False" />
                <line number="107" hits="0" branch="False" />
                <line number="108" hits="0" branch="False" />
              </lines>
            </method>
            <method name="SetPosition" signature="(DIKUArcade.Math.Vec2F)" line-rate="0" branch-rate="1" complexity="1">
              <lines>
                <line number="110" hits="0" branch="False" />
                <line number="111" hits="0" branch="False" />
                <line number="112" hits="0" branch="False" />
              </lines>
            </method>
          </methods>
          <lines>
            <line number="8" hits="7714" branch="False" />
            <line number="14" hits="112335" branch="False" />
            <line number="24" hits="2370" branch="False" />
            <line number="25" hits="2370" branch="False" />
            <line number="26" hits="2370" branch="True" condition-coverage="100% (2/2)">
              <conditions>
                <condition number="10" type="jump" coverage="100%" />
              </conditions>
            </line>
            <line number="27" hits="2370" branch="False" />
            <line number="36" hits="4760" branch="False" />
            <line number="37" hits="4760" branch="False" />
            <line number="38" hits="4760" branch="True" condition-coverage="50% (1/2)">
              <conditions>
                <condition number="10" type="jump" coverage="50%" />
              </conditions>
            </line>
            <line number="39" hits="4760" branch="False" />
            <line number="43" hits="0" branch="False" />
            <line number="44" hits="0" branch="False" />
            <line number="45" hits="0" branch="False" />
            <line number="47" hits="0" branch="False" />
            <line number="49" hits="0" branch="False" />
            <line number="50" hits="0" branch="False" />
            <line number="52" hits="0" branch="False" />
            <line number="53" hits="0" branch="False" />
            <line number="54" hits="0" branch="False" />
            <line number="56" hits="0" branch="False" />
            <line number="57" hits="0" branch="False" />
            <line number="58" hits="0" branch="False" />
            <line number="60" hits="0" branch="False" />
            <line number="61" hits="0" branch="False" />
            <line number="62" hits="0" branch="False" />
            <line number="63" hits="0" branch="False" />
            <line number="65" hits="0" branch="False" />
            <line number="66" hits="0" branch="False" />
            <line number="67" hits="0" branch="False" />
            <line number="68" hits="0" branch="False" />
            <line number="70" hits="0" branch="False" />
            <line number="71" hits="0" branch="False" />
            <line number="72" hits="0" branch="False" />
            <line number="73" hits="0" branch="False" />
            <line number="75" hits="0" branch="False" />
            <line number="76" hits="0" branch="False" />
            <line number="77" hits="0" branch="False" />
            <line number="78" hits="0" branch="False" />
            <line number="83" hits="0" branch="False" />
            <line number="85" hits="0" branch="False" />
            <line number="86" hits="0" branch="False" />
            <line number="87" hits="0" branch="False" />
            <line number="89" hits="0" branch="False" />
            <line number="90" hits="0" branch="False" />
            <line number="91" hits="0" branch="False" />
            <line number="93" hits="0" branch="False" />
            <line number="94" hits="0" branch="False" />
            <line number="95" hits="0" branch="False" />
            <line number="97" hits="0" branch="False" />
            <line number="98" hits="0" branch="False" />
            <line number="99" hits="0" branch="False" />
            <line number="100" hits="0" branch="False" />
            <line number="102" hits="0" branch="False" />
            <line number="103" hits="0" branch="False" />
            <line number="104" hits="0" branch="False" />
            <line number="106" hits="0" branch="False" />
            <line number="107" hits="0" branch="False" />
            <line number="108" hits="0" branch="False" />
            <line number="110" hits="0" branch="False" />
            <line number="111" hits="0" branch="False" />
            <line number="112" hits="0" branch="False" />
          </lines>
        </class>
        <class name="DIKUArcade.Entities.StationaryShape" filename="DIKUArcade\DIKUArcade\Entities\StationaryShape.cs" line-rate="0.7272" branch-rate="1" complexity="3">
          <methods>
            <method name="op_Explicit" signature="(DIKUArcade.Entities.StationaryShape)" line-rate="0" branch-rate="1" complexity="1">
              <lines>
                <line number="19" hits="0" branch="False" />
                <line number="20" hits="0" branch="False" />
                <line number="21" hits="0" branch="False" />
              </lines>
            </method>
            <method name=".ctor" signature="(System.Single,System.Single,System.Single,System.Single)" line-rate="1" branch-rate="1" complexity="1">
              <lines>
                <line number="9" hits="10406" branch="False" />
                <line number="10" hits="5203" branch="False" />
                <line number="11" hits="5203" branch="False" />
                <line number="12" hits="5203" branch="False" />
              </lines>
            </method>
            <method name=".ctor" signature="(DIKUArcade.Math.Vec2F,DIKUArcade.Math.Vec2F)" line-rate="1" branch-rate="1" complexity="1">
              <lines>
                <line number="14" hits="1344" branch="False" />
                <line number="15" hits="672" branch="False" />
                <line number="16" hits="672" branch="False" />
                <line number="17" hits="672" branch="False" />
              </lines>
            </method>
          </methods>
          <lines>
            <line number="19" hits="0" branch="False" />
            <line number="20" hits="0" branch="False" />
            <line number="21" hits="0" branch="False" />
            <line number="9" hits="10406" branch="False" />
            <line number="10" hits="5203" branch="False" />
            <line number="11" hits="5203" branch="False" />
            <line number="12" hits="5203" branch="False" />
            <line number="14" hits="1344" branch="False" />
            <line number="15" hits="672" branch="False" />
            <line number="16" hits="672" branch="False" />
            <line number="17" hits="672" branch="False" />
          </lines>
        </class>
      </classes>
    </package>
  </packages>
</coverage>